<?xml version="1.0" encoding="UTF-8"?>
<testsuite name="com.spb1.admin.web.IndexControllerTest" tests="1" skipped="0" failures="0" errors="0" timestamp="2023-02-28T08:41:07" hostname="Elaina1017.local" time="0.033">
  <properties/>
  <testcase name="mainPage_Load" classname="com.spb1.admin.web.IndexControllerTest" time="0.033"/>
  <system-out><![CDATA[2023-02-28 17:41:07.629  INFO 18900 --- [    Test worker] .b.t.c.SpringBootTestContextBootstrapper : Neither @ContextConfiguration nor @ContextHierarchy found for test class [com.spb1.admin.web.IndexControllerTest], using SpringBootContextLoader
2023-02-28 17:41:07.629  INFO 18900 --- [    Test worker] o.s.t.c.support.AbstractContextLoader    : Could not detect default resource locations for test class [com.spb1.admin.web.IndexControllerTest]: no resource found for suffixes {-context.xml, Context.groovy}.
2023-02-28 17:41:07.629  INFO 18900 --- [    Test worker] t.c.s.AnnotationConfigContextLoaderUtils : Could not detect default configuration classes for test class [com.spb1.admin.web.IndexControllerTest]: IndexControllerTest does not declare any static, non-private, non-final, nested classes annotated with @Configuration.
2023-02-28 17:41:07.630  INFO 18900 --- [    Test worker] .b.t.c.SpringBootTestContextBootstrapper : Found @SpringBootConfiguration com.spb1.admin.Application for test class com.spb1.admin.web.IndexControllerTest
2023-02-28 17:41:07.630  INFO 18900 --- [    Test worker] .b.t.c.SpringBootTestContextBootstrapper : Loaded default TestExecutionListener class names from location [META-INF/spring.factories]: [org.springframework.boot.test.autoconfigure.restdocs.RestDocsTestExecutionListener, org.springframework.boot.test.autoconfigure.web.client.MockRestServiceServerResetTestExecutionListener, org.springframework.boot.test.autoconfigure.web.servlet.MockMvcPrintOnlyOnFailureTestExecutionListener, org.springframework.boot.test.autoconfigure.web.servlet.WebDriverTestExecutionListener, org.springframework.boot.test.mock.mockito.MockitoTestExecutionListener, org.springframework.boot.test.mock.mockito.ResetMocksTestExecutionListener, org.springframework.test.context.web.ServletTestExecutionListener, org.springframework.test.context.support.DirtiesContextBeforeModesTestExecutionListener, org.springframework.test.context.support.DependencyInjectionTestExecutionListener, org.springframework.test.context.support.DirtiesContextTestExecutionListener, org.springframework.test.context.transaction.TransactionalTestExecutionListener, org.springframework.test.context.jdbc.SqlScriptsTestExecutionListener]
2023-02-28 17:41:07.630  INFO 18900 --- [    Test worker] .b.t.c.SpringBootTestContextBootstrapper : Using TestExecutionListeners: [org.springframework.test.context.web.ServletTestExecutionListener@4b75d640, org.springframework.test.context.support.DirtiesContextBeforeModesTestExecutionListener@4e9b66ab, org.springframework.boot.test.mock.mockito.MockitoTestExecutionListener@532b3244, org.springframework.boot.test.autoconfigure.SpringBootDependencyInjectionTestExecutionListener@27828021, org.springframework.test.context.support.DirtiesContextTestExecutionListener@42a08547, org.springframework.test.context.transaction.TransactionalTestExecutionListener@579b1d86, org.springframework.test.context.jdbc.SqlScriptsTestExecutionListener@5d28ac23, org.springframework.boot.test.autoconfigure.restdocs.RestDocsTestExecutionListener@6e18bc2f, org.springframework.boot.test.autoconfigure.web.client.MockRestServiceServerResetTestExecutionListener@28d48616, org.springframework.boot.test.autoconfigure.web.servlet.MockMvcPrintOnlyOnFailureTestExecutionListener@27acd9a7, org.springframework.boot.test.autoconfigure.web.servlet.WebDriverTestExecutionListener@3f7d20c5, org.springframework.boot.test.mock.mockito.ResetMocksTestExecutionListener@142f0ac1]
Hibernate: select posts0_.id as id1_0_, posts0_.created_date as created_2_0_, posts0_.modified_date as modified3_0_, posts0_.author as author4_0_, posts0_.content as content5_0_, posts0_.title as title6_0_ from posts posts0_ order by posts0_.id DESC
]]></system-out>
  <system-err><![CDATA[]]></system-err>
</testsuite>
